Command line:
   Practica1_isim_beh.exe
     -simmode  gui
     -simrunnum  0
     -socket  51727

Sun Oct 31 08:17:32 2021


 Elaboration Time: 0.0625 sec

 Current Memory Usage: 357.45 Meg

 Total Signals          : 7
 Total Nets             : 7
 Total Signal Drivers   : 5
 Total Blocks           : 2
 Total Primitive Blocks : 2
 Total Processes        : 5
 Total Traceable Variables  : 8
 Total Scalar Nets and Variables : 367
Total Line Count : 5

 Total Simulation Time: 1.10938 sec

 Current Memory Usage: 357.45 Meg

Sun Oct 31 09:31:51 2021

