Running: C:\Xilinx\14.7\ISE_DS\ISE\bin\nt64\unwrapped\fuse.exe -intstyle ise -incremental -o C:/Xilinx/Practicas/MUX/Proceso_isim_beh.exe -prj C:/Xilinx/Practicas/MUX/Proceso_beh.prj work.Proceso 
ISim P.20131013 (signature 0x7708f090)
Number of CPUs detected in this system: 2
Turning on mult-threading, number of parallel sub-compilation jobs: 4 
Determining compilation order of HDL files
Parsing VHDL file "C:/Xilinx/Practicas/MUX/Case.vhd" into library work
Starting static elaboration
Completed static elaboration
Compiling package standard
Compiling package std_logic_1164
Compiling package numeric_std
Compiling package std_logic_arith
Compiling package std_logic_unsigned
Compiling architecture arch of entity proceso
Time Resolution for simulation is 1ps.
Waiting for 2 sub-compilation(s) to finish...
Compiled 6 VHDL Units
Built simulation executable C:/Xilinx/Practicas/MUX/Proceso_isim_beh.exe
Fuse Memory Usage: 35400 KB
Fuse CPU Usage: 765 ms
