ISim log file
Running: C:\Xilinx\Practicas\Encoders\Encoders\prioridad_isim_beh.exe -intstyle ise -gui -tclbatch isim.cmd -wdb C:/Xilinx/Practicas/Encoders/Encoders/prioridad_isim_beh.wdb 
INFO: There is another simulation running in the same directory. Using database file name isim1.wdb.
ISim P.20131013 (signature 0x7708f090)
WARNING: A WEBPACK license was found.
WARNING: Please use Xilinx License Configuration Manager to check out a full ISim license.
WARNING: ISim will run in Lite mode. Please refer to the ISim documentation for more information on the differences between the Lite and the Full version.
This is a Lite version of ISim.
Time resolution is 1 ps
# onerror resume
# wave add /
# run 1000 ns
Simulator is doing circuit initialization process.
Finished circuit initialization process.
# isim force add /prioridad/d 1 -radix bin -cancel 1 s
# isim force add /prioridad/d 1 -radix bin -cancel 1 s
# run all
# isim force add /prioridad/d[1] 1 -radix bin -cancel 1 s
# isim force add /prioridad/d[1] 1 -radix bin -cancel 1 s
# isim force add /prioridad/d[2] 1 -radix bin -cancel 1 s
# isim force add /prioridad/d[2] 1 -radix bin -cancel 1 s
# run all
ISim P.20131013 (signature 0x7708f090)
WARNING: A WEBPACK license was found.
WARNING: Please use Xilinx License Configuration Manager to check out a full ISim license.
WARNING: ISim will run in Lite mode. Please refer to the ISim documentation for more information on the differences between the Lite and the Full version.
This is a Lite version of ISim.
# run 1000 ns
Simulator is doing circuit initialization process.
Finished circuit initialization process.
# isim force add /prioridad/d[7] 0 -radix bin -cancel 300 ns
# isim force add /prioridad/d[6] 0 -radix bin -time 10 ms -cancel 300 ns
# isim force add /prioridad/d[5] 0 -radix bin -time 20 ms -cancel 300 ns
# isim force add /prioridad/d[4] 0 -radix bin -time 30 ms -cancel 300 ns
# isim force add /prioridad/d[3] 0 -radix bin -time 40 ms -cancel 300 ns
# isim force add /prioridad/d[2] 1 -radix bin -time 50 ms -cancel 300 ns
# isim force add /prioridad/d[1] 1 -radix bin -time 60 ms -cancel 300 ns
# isim force add /prioridad/d[0] 0 -radix bin -time 70 ms -cancel 300 ns
# isim force add /prioridad/d[0] 0 -radix bin -time 70 ms -cancel 300 ns
# run all
# isim force add /prioridad/d 10101010 -radix bin -cancel 300 ns
# isim force add /prioridad/d 10101010 -radix bin -cancel 300 ns
# run all
ISim P.20131013 (signature 0x7708f090)
WARNING: A WEBPACK license was found.
WARNING: Please use Xilinx License Configuration Manager to check out a full ISim license.
WARNING: ISim will run in Lite mode. Please refer to the ISim documentation for more information on the differences between the Lite and the Full version.
This is a Lite version of ISim.
# run 1000 ns
Simulator is doing circuit initialization process.
Finished circuit initialization process.
# isim force add /prioridad/d 00000110 -radix bin -cancel 500 ns
# isim force add /prioridad/d 00000110 -radix bin -cancel 500 ns
# run all
