Command line:
   sim_isim_beh.exe
     -simmode  gui
     -simrunnum  0
     -socket  50244

Wed Jun 15 22:19:54 2022


 Elaboration Time: 0.09375 sec

 Current Memory Usage: 358.191 Meg

 Total Signals          : 10
 Total Nets             : 16
 Total Signal Drivers   : 6
 Total Blocks           : 4
 Total Primitive Blocks : 3
 Total Processes        : 4
 Total Traceable Variables  : 18
 Total Scalar Nets and Variables : 631
Total Line Count : 47

 Total Simulation Time: 20.9375 sec

 Current Memory Usage: 358.191 Meg

Wed Jun 15 22:28:04 2022

