Command line:
   anode_isim_beh.exe
     -simmode  gui
     -simrunnum  0
     -socket  51177

Sat Dec 04 15:33:46 2021


 Elaboration Time: 0 sec

 Current Memory Usage: 361.521 Meg

 Total Signals          : 11
 Total Nets             : 11
 Total Signal Drivers   : 7
 Total Blocks           : 2
 Total Primitive Blocks : 2
 Total Processes        : 7
 Total Traceable Variables  : 8
 Total Scalar Nets and Variables : 371
Total Line Count : 7

 Total Simulation Time: 0.03125 sec

 Current Memory Usage: 676.11 Meg

Sat Dec 04 15:34:17 2021

