Command line:
   catode_isim_beh.exe
     -simmode  gui
     -simrunnum  0
     -socket  51040

Sat Dec 04 14:59:58 2021


 Elaboration Time: 0.046875 sec

 Current Memory Usage: 361.472 Meg

 Total Signals          : 11
 Total Nets             : 11
 Total Signal Drivers   : 7
 Total Blocks           : 2
 Total Primitive Blocks : 2
 Total Processes        : 7
 Total Traceable Variables  : 8
 Total Scalar Nets and Variables : 371
Total Line Count : 7

 Total Simulation Time: 0.140625 sec

 Current Memory Usage: 361.472 Meg

Sat Dec 04 15:32:45 2021

