Command line:
   Compuertas_isim_beh.exe
     -simmode  gui
     -simrunnum  0
     -socket  49937

Mon Nov 01 21:33:05 2021


 Elaboration Time: 0.046875 sec

 Current Memory Usage: 357.347 Meg

 Total Signals          : 6
 Total Nets             : 6
 Total Signal Drivers   : 4
 Total Blocks           : 2
 Total Primitive Blocks : 2
 Total Processes        : 4
 Total Traceable Variables  : 8
 Total Scalar Nets and Variables : 366
Total Line Count : 4
Total Line Count : 4

 Total Simulation Time: 1.10938 sec

 Current Memory Usage: 357.347 Meg

Mon Nov 01 22:31:10 2021

