Command line:
   comparador4bits_isim_beh.exe
     -simmode  gui
     -simrunnum  0
     -socket  51632

Fri Nov 12 17:25:23 2021


 Elaboration Time: 0.046875 sec

 Current Memory Usage: 361.468 Meg

 Total Signals          : 11
 Total Nets             : 11
 Total Signal Drivers   : 3
 Total Blocks           : 2
 Total Primitive Blocks : 2
 Total Processes        : 3
 Total Traceable Variables  : 8
 Total Scalar Nets and Variables : 371
Total Line Count : 3

 Total Simulation Time: 0.28125 sec

 Current Memory Usage: 361.468 Meg

Fri Nov 12 18:02:08 2021

