Command line:
   cathode_isim_beh.exe
     -simmode  gui
     -simrunnum  0
     -socket  51179

Sat Dec 04 15:34:29 2021


 Elaboration Time: 0.0625 sec

 Current Memory Usage: 361.447 Meg

 Total Signals          : 11
 Total Nets             : 11
 Total Signal Drivers   : 7
 Total Blocks           : 2
 Total Primitive Blocks : 2
 Total Processes        : 7
 Total Traceable Variables  : 8
 Total Scalar Nets and Variables : 371
Total Line Count : 7

 Total Simulation Time: 0.078125 sec

 Current Memory Usage: 361.447 Meg

Sat Dec 04 18:20:00 2021

