ISim log file
Running: C:\Xilinx\Practicas\P3\comparador4bits_isim_beh.exe -intstyle ise -gui -tclbatch isim.cmd -wdb C:/Xilinx/Practicas/P3/comparador4bits_isim_beh.wdb 
ISim P.20131013 (signature 0x7708f090)
WARNING: A WEBPACK license was found.
WARNING: Please use Xilinx License Configuration Manager to check out a full ISim license.
WARNING: ISim will run in Lite mode. Please refer to the ISim documentation for more information on the differences between the Lite and the Full version.
This is a Lite version of ISim.
Time resolution is 1 ps
# onerror resume
# wave add /
# run 1000 ns
Simulator is doing circuit initialization process.
Finished circuit initialization process.
# isim force add /comparador4bits/a0 0 -radix bin -value 1 -radix bin -time 20 ns -repeat 40 ns -cancel 300 ns
# isim force add /comparador4bits/b0 0 -radix bin -time 10 ns -value 1 -radix bin -time 30 ns -repeat 40 ns -cancel 300 ns
# isim force add /comparador4bits/b0 0 -radix bin -time 10 ns -value 1 -radix bin -time 30 ns -repeat 40 ns -cancel 300 ns
# isim force add /comparador4bits/a0 0 -radix bin -value 1 -radix bin -time 20 ns -repeat 40 ns -cancel 300 ns
# isim force add /comparador4bits/a0 0 -radix bin -value 1 -radix bin -time 20 ns -repeat 40 ns -cancel 300 ns
# isim force add /comparador4bits/a1 0 -radix bin -value 1 -radix bin -time 20 ns -repeat 40 ns -cancel 300 ns
# isim force add /comparador4bits/a1 0 -radix bin -value 1 -radix bin -time 20 ns -repeat 40 ns -cancel 300 ns
# isim force add /comparador4bits/a2 0 -radix bin -value 1 -radix bin -time 20 ns -repeat 40 ns -cancel 300 ns
# isim force add /comparador4bits/a2 0 -radix bin -value 1 -radix bin -time 20 ns -repeat 40 ns -cancel 300 ns
# isim force add /comparador4bits/a3 0 -radix bin -value 1 -radix bin -time 20 ns -repeat 40 ns -cancel 300 ns
# isim force add /comparador4bits/a3 0 -radix bin -value 1 -radix bin -time 20 ns -repeat 40 ns -cancel 300 ns
# isim force add /comparador4bits/b0 0 -radix bin -time 30 ns -value 1 -radix bin -time 50 ns -repeat 40 ns -cancel 300 ns
# isim force add /comparador4bits/b0 0 -radix bin -time 30 ns -value 1 -radix bin -time 50 ns -repeat 40 ns -cancel 300 ns
# isim force add /comparador4bits/b1 0 -radix bin -time 30 ns -value 1 -radix bin -time 50 ns -repeat 40 ns -cancel 300 ns
# isim force add /comparador4bits/b1 0 -radix bin -time 30 ns -value 1 -radix bin -time 50 ns -repeat 40 ns -cancel 300 ns
# isim force add /comparador4bits/b2 0 -radix bin -time 30 ns -value 1 -radix bin -time 50 ns -repeat 40 ns -cancel 300 ns
# isim force add /comparador4bits/b2 0 -radix bin -time 30 ns -value 1 -radix bin -time 50 ns -repeat 40 ns -cancel 300 ns
# isim force add /comparador4bits/b3 0 -radix bin -time 30 ns -value 1 -radix bin -time 50 ns -repeat 40 ns -cancel 300 ns
# isim force add /comparador4bits/b3 0 -radix bin -time 30 ns -value 1 -radix bin -time 50 ns -repeat 40 ns -cancel 300 ns
# run all
