Command line:
   sim_isim_beh.exe
     -simmode  gui
     -simrunnum  0
     -socket  49184

Wed Jun 15 11:26:50 2022


 Elaboration Time: 0.125 sec

 Current Memory Usage: 358.158 Meg

 Total Signals          : 15
 Total Nets             : 56
 Total Signal Drivers   : 8
 Total Blocks           : 5
 Total Primitive Blocks : 4
 Total Processes        : 4
 Total Traceable Variables  : 14
 Total Scalar Nets and Variables : 438
Total Line Count : 24
In process ram.vhd:42 
 

 Total Simulation Time: 0.453125 sec

 Current Memory Usage: 672.748 Meg

Wed Jun 15 11:28:06 2022

