Command line:
   sim_isim_beh.exe
     -simmode  gui
     -simrunnum  0
     -socket  49222

Wed Jun 15 11:28:53 2022


 Elaboration Time: 0.15625 sec

 Current Memory Usage: 358.207 Meg

 Total Signals          : 15
 Total Nets             : 30
 Total Signal Drivers   : 8
 Total Blocks           : 5
 Total Primitive Blocks : 4
 Total Processes        : 4
 Total Traceable Variables  : 14
 Total Scalar Nets and Variables : 412
Total Line Count : 23

 Total Simulation Time: 651.891 sec

 Current Memory Usage: 358.207 Meg

Wed Jun 15 11:42:29 2022

